<?xml version="1.0" encoding="UTF-8"?>
<!-- Generated by org.testng.reporters.JUnitXMLReporter -->
<testsuite ignored="0" hostname="DESKTOP-OVI5TKU" failures="1" tests="14" name="Surefire test" time="57.665" errors="0" timestamp="2025-07-05T15:53:51 IST">
  <testcase classname="com.tutorialsninja.qa.testcasess.LoginTest" name="verifyLoginWithValidCredentials" time="1.567"/>
  <testcase classname="com.tutorialsninja.qa.testcasess.LoginTest" name="verifyLoginWithValidCredentials" time="1.23"/>
  <testcase classname="com.tutorialsninja.qa.testcasess.LoginTest" name="verifyLoginWithValidCredentials" time="1.176"/>
  <testcase classname="com.tutorialsninja.qa.testcasess.LoginTest" name="verifyLoginWithInvalidCredentials" time="1.163"/>
  <testcase classname="com.tutorialsninja.qa.testcasess.LoginTest" name="verifyLoginWithInvalidEmailAndValidPassword" time="1.092"/>
  <testcase classname="com.tutorialsninja.qa.testcasess.LoginTest" name="verifyLoginWithValidEmailAndInvalidPassword" time="1.088"/>
  <testcase classname="com.tutorialsninja.qa.testcasess.LoginTest" name="verifyLoginWithEmptyEmailAndPassword" time="0.954"/>
  <testcase classname="com.tutorialsninja.qa.testcasess.RegisterTest" name="verifyRegisteringWithMandatoryFields" time="1.978"/>
  <testcase classname="com.tutorialsninja.qa.testcasess.RegisterTest" name="verifyRegisteringWithAllFields" time="2.553"/>
  <testcase classname="com.tutorialsninja.qa.testcasess.RegisterTest" name="verifyRegisteringWithExistingEmailId" time="1.671"/>
  <testcase classname="com.tutorialsninja.qa.testcasess.RegisterTest" name="verifyRegisteringWithoutFillingAnyDetails" time="0.805"/>
  <testcase classname="com.tutorialsninja.qa.testcasess.SearchTest" name="verifySearchWithValidProduct" time="0.618"/>
  <testcase classname="com.tutorialsninja.qa.testcasess.SearchTest" name="verifySearchWithInvalidProduct" time="0.428">
    <failure type="java.lang.AssertionError" message="null">
      <![CDATA[java.lang.AssertionError: null
at com.tutorialsninja.qa.testcasess.SearchTest.verifySearchWithInvalidProduct(SearchTest.java:53)
at java.base/java.util.ArrayList.forEach(ArrayList.java:1596)
... Removed 32 stack frames]]>
    </failure>
  </testcase> <!-- verifySearchWithInvalidProduct -->
  <testcase classname="com.tutorialsninja.qa.testcasess.SearchTest" name="verifySearchWithoutAnyProductName" time="0.0">
    <skipped/>
  </testcase> <!-- verifySearchWithoutAnyProductName -->
</testsuite> <!-- Surefire test -->
