<?xml version="1.0" encoding="UTF-8"?>
<testng-results ignored="0" total="14" passed="12" failed="1" skipped="1">
  <reporter-output>
  </reporter-output>
  <suite started-at="2025-07-06T14:16:08 IST" name="TutorialsNinja Automation Suite" finished-at="2025-07-06T14:17:10 IST" duration-ms="61868">
    <groups>
    </groups>
    <test started-at="2025-07-06T14:16:08 IST" name="TutorialsNinja Test Cases" finished-at="2025-07-06T14:17:10 IST" duration-ms="61868">
      <class name="com.tutorialsninja.qa.testcasess.SearchTest">
        <test-method is-config="true" signature="setUp()[pri:0, instance:com.tutorialsninja.qa.testcasess.SearchTest@368f2016]" started-at="2025-07-06T14:17:03 IST" name="setUp" finished-at="2025-07-06T14:17:06 IST" duration-ms="2762" status="PASS">
          <reporter-output>
          </reporter-output>
        </test-method> <!-- setUp -->
        <test-method signature="verifySearchWithValidProduct()[pri:1, instance:com.tutorialsninja.qa.testcasess.SearchTest@368f2016]" started-at="2025-07-06T14:17:06 IST" name="verifySearchWithValidProduct" finished-at="2025-07-06T14:17:06 IST" duration-ms="485" status="PASS">
          <reporter-output>
          </reporter-output>
        </test-method> <!-- verifySearchWithValidProduct -->
        <test-method is-config="true" signature="tearDown()[pri:0, instance:com.tutorialsninja.qa.testcasess.SearchTest@368f2016]" started-at="2025-07-06T14:17:06 IST" name="tearDown" finished-at="2025-07-06T14:17:06 IST" duration-ms="185" status="PASS">
          <reporter-output>
          </reporter-output>
        </test-method> <!-- tearDown -->
        <test-method is-config="true" signature="setUp()[pri:0, instance:com.tutorialsninja.qa.testcasess.SearchTest@368f2016]" started-at="2025-07-06T14:17:06 IST" name="setUp" finished-at="2025-07-06T14:17:09 IST" duration-ms="2668" status="PASS">
          <reporter-output>
          </reporter-output>
        </test-method> <!-- setUp -->
        <test-method signature="verifySearchWithInvalidProduct()[pri:2, instance:com.tutorialsninja.qa.testcasess.SearchTest@368f2016]" started-at="2025-07-06T14:17:09 IST" name="verifySearchWithInvalidProduct" finished-at="2025-07-06T14:17:10 IST" duration-ms="428" status="FAIL">
          <exception class="java.lang.AssertionError">
            <message>
              <![CDATA[null]]>
            </message>
            <full-stacktrace>
              <![CDATA[java.lang.AssertionError: null
at org.testng.Assert.fail(Assert.java:111)
at org.testng.Assert.fail(Assert.java:116)
at com.tutorialsninja.qa.testcasess.SearchTest.verifySearchWithInvalidProduct(SearchTest.java:53)
at java.base/jdk.internal.reflect.DirectMethodHandleAccessor.invoke(DirectMethodHandleAccessor.java:103)
at java.base/java.lang.reflect.Method.invoke(Method.java:580)
at org.testng.internal.invokers.MethodInvocationHelper.invokeMethod(MethodInvocationHelper.java:141)
at org.testng.internal.invokers.TestInvoker.invokeMethod(TestInvoker.java:686)
at org.testng.internal.invokers.TestInvoker.invokeTestMethod(TestInvoker.java:230)
at org.testng.internal.invokers.MethodRunner.runInSequence(MethodRunner.java:63)
at org.testng.internal.invokers.TestInvoker$MethodInvocationAgent.invoke(TestInvoker.java:992)
at org.testng.internal.invokers.TestInvoker.invokeTestMethods(TestInvoker.java:203)
at org.testng.internal.invokers.TestMethodWorker.invokeTestMethods(TestMethodWorker.java:154)
at org.testng.internal.invokers.TestMethodWorker.run(TestMethodWorker.java:134)
at java.base/java.util.ArrayList.forEach(ArrayList.java:1596)
at org.testng.TestRunner.privateRun(TestRunner.java:739)
at org.testng.TestRunner.run(TestRunner.java:614)
at org.testng.SuiteRunner.runTest(SuiteRunner.java:421)
at org.testng.SuiteRunner.runSequentially(SuiteRunner.java:413)
at org.testng.SuiteRunner.privateRun(SuiteRunner.java:373)
at org.testng.SuiteRunner.run(SuiteRunner.java:312)
at org.testng.SuiteRunnerWorker.runSuite(SuiteRunnerWorker.java:52)
at org.testng.SuiteRunnerWorker.run(SuiteRunnerWorker.java:95)
at org.testng.TestNG.runSuitesSequentially(TestNG.java:1274)
at org.testng.TestNG.runSuitesLocally(TestNG.java:1208)
at org.testng.TestNG.runSuites(TestNG.java:1112)
at org.testng.TestNG.run(TestNG.java:1079)
at org.apache.maven.surefire.testng.TestNGExecutor.run(TestNGExecutor.java:308)
at org.apache.maven.surefire.testng.TestNGXmlTestSuite.execute(TestNGXmlTestSuite.java:71)
at org.apache.maven.surefire.testng.TestNGProvider.invoke(TestNGProvider.java:113)
at org.apache.maven.surefire.booter.ForkedBooter.runSuitesInProcess(ForkedBooter.java:385)
at org.apache.maven.surefire.booter.ForkedBooter.execute(ForkedBooter.java:162)
at org.apache.maven.surefire.booter.ForkedBooter.run(ForkedBooter.java:507)
at org.apache.maven.surefire.booter.ForkedBooter.main(ForkedBooter.java:495)
]]>
            </full-stacktrace>
          </exception> <!-- java.lang.AssertionError -->
          <reporter-output>
          </reporter-output>
        </test-method> <!-- verifySearchWithInvalidProduct -->
        <test-method is-config="true" signature="tearDown()[pri:0, instance:com.tutorialsninja.qa.testcasess.SearchTest@368f2016]" started-at="2025-07-06T14:17:10 IST" name="tearDown" finished-at="2025-07-06T14:17:10 IST" duration-ms="206" status="PASS">
          <reporter-output>
          </reporter-output>
        </test-method> <!-- tearDown -->
        <test-method signature="verifySearchWithoutAnyProductName()[pri:3, instance:com.tutorialsninja.qa.testcasess.SearchTest@368f2016]" started-at="2025-07-06T14:17:10 IST" name="verifySearchWithoutAnyProductName" finished-at="2025-07-06T14:17:10 IST" depends-on-methods="com.tutorialsninja.qa.testcasess.SearchTest.verifySearchWithInvalidProduct" duration-ms="1" status="SKIP">
          <exception class="java.lang.Throwable">
            <message>
              <![CDATA[Method com.tutorialsninja.qa.testcasess.SearchTest.verifySearchWithoutAnyProductName() on instance com.tutorialsninja.qa.testcasess.SearchTest@368f2016 depends on not successfully finished methods 
[com.tutorialsninja.qa.testcasess.SearchTest.verifySearchWithInvalidProduct() on instance com.tutorialsninja.qa.testcasess.SearchTest@368f2016]]]>
            </message>
            <full-stacktrace>
              <![CDATA[java.lang.Throwable: Method com.tutorialsninja.qa.testcasess.SearchTest.verifySearchWithoutAnyProductName() on instance com.tutorialsninja.qa.testcasess.SearchTest@368f2016 depends on not successfully finished methods 
[com.tutorialsninja.qa.testcasess.SearchTest.verifySearchWithInvalidProduct() on instance com.tutorialsninja.qa.testcasess.SearchTest@368f2016]
at org.testng.internal.invokers.TestInvoker.invokeTestMethods(TestInvoker.java:159)
at org.testng.internal.invokers.TestMethodWorker.invokeTestMethods(TestMethodWorker.java:154)
at org.testng.internal.invokers.TestMethodWorker.run(TestMethodWorker.java:134)
at java.base/java.util.ArrayList.forEach(ArrayList.java:1596)
at org.testng.TestRunner.privateRun(TestRunner.java:739)
at org.testng.TestRunner.run(TestRunner.java:614)
at org.testng.SuiteRunner.runTest(SuiteRunner.java:421)
at org.testng.SuiteRunner.runSequentially(SuiteRunner.java:413)
at org.testng.SuiteRunner.privateRun(SuiteRunner.java:373)
at org.testng.SuiteRunner.run(SuiteRunner.java:312)
at org.testng.SuiteRunnerWorker.runSuite(SuiteRunnerWorker.java:52)
at org.testng.SuiteRunnerWorker.run(SuiteRunnerWorker.java:95)
at org.testng.TestNG.runSuitesSequentially(TestNG.java:1274)
at org.testng.TestNG.runSuitesLocally(TestNG.java:1208)
at org.testng.TestNG.runSuites(TestNG.java:1112)
at org.testng.TestNG.run(TestNG.java:1079)
at org.apache.maven.surefire.testng.TestNGExecutor.run(TestNGExecutor.java:308)
at org.apache.maven.surefire.testng.TestNGXmlTestSuite.execute(TestNGXmlTestSuite.java:71)
at org.apache.maven.surefire.testng.TestNGProvider.invoke(TestNGProvider.java:113)
at org.apache.maven.surefire.booter.ForkedBooter.runSuitesInProcess(ForkedBooter.java:385)
at org.apache.maven.surefire.booter.ForkedBooter.execute(ForkedBooter.java:162)
at org.apache.maven.surefire.booter.ForkedBooter.run(ForkedBooter.java:507)
at org.apache.maven.surefire.booter.ForkedBooter.main(ForkedBooter.java:495)
]]>
            </full-stacktrace>
          </exception> <!-- java.lang.Throwable -->
          <reporter-output>
          </reporter-output>
        </test-method> <!-- verifySearchWithoutAnyProductName -->
      </class> <!-- com.tutorialsninja.qa.testcasess.SearchTest -->
      <class name="com.tutorialsninja.qa.testcasess.LoginTest">
        <test-method is-config="true" signature="setup()[pri:0, instance:com.tutorialsninja.qa.testcasess.LoginTest@7cc0cdad]" started-at="2025-07-06T14:16:32 IST" name="setup" finished-at="2025-07-06T14:16:34 IST" duration-ms="2899" status="PASS">
          <reporter-output>
          </reporter-output>
        </test-method> <!-- setup -->
        <test-method signature="verifyLoginWithValidCredentials(java.lang.String,java.lang.String)[pri:1, instance:com.tutorialsninja.qa.testcasess.LoginTest@7cc0cdad]" started-at="2025-07-06T14:16:34 IST" name="verifyLoginWithValidCredentials" data-provider="validCredentialsSupplier" finished-at="2025-07-06T14:16:36 IST" duration-ms="1430" status="PASS">
          <params>
            <param index="0">
              <value>
                <![CDATA[nuhiho@azuretechtalk.net]]>
              </value>
            </param>
            <param index="1">
              <value>
                <![CDATA[cBU5Wm@w4ibA8W]]>
              </value>
            </param>
          </params>
          <reporter-output>
          </reporter-output>
        </test-method> <!-- verifyLoginWithValidCredentials -->
        <test-method is-config="true" signature="tearDown()[pri:0, instance:com.tutorialsninja.qa.testcasess.LoginTest@7cc0cdad]" started-at="2025-07-06T14:16:36 IST" name="tearDown" finished-at="2025-07-06T14:16:36 IST" duration-ms="179" status="PASS">
          <reporter-output>
          </reporter-output>
        </test-method> <!-- tearDown -->
        <test-method is-config="true" signature="setup()[pri:0, instance:com.tutorialsninja.qa.testcasess.LoginTest@7cc0cdad]" started-at="2025-07-06T14:16:36 IST" name="setup" finished-at="2025-07-06T14:16:39 IST" duration-ms="2973" status="PASS">
          <reporter-output>
          </reporter-output>
        </test-method> <!-- setup -->
        <test-method signature="verifyLoginWithValidCredentials(java.lang.String,java.lang.String)[pri:1, instance:com.tutorialsninja.qa.testcasess.LoginTest@7cc0cdad]" started-at="2025-07-06T14:16:39 IST" name="verifyLoginWithValidCredentials" data-provider="validCredentialsSupplier" finished-at="2025-07-06T14:16:40 IST" duration-ms="1351" status="PASS">
          <params>
            <param index="0">
              <value>
                <![CDATA[random@user2.com]]>
              </value>
            </param>
            <param index="1">
              <value>
                <![CDATA[12345]]>
              </value>
            </param>
          </params>
          <reporter-output>
          </reporter-output>
        </test-method> <!-- verifyLoginWithValidCredentials -->
        <test-method is-config="true" signature="tearDown()[pri:0, instance:com.tutorialsninja.qa.testcasess.LoginTest@7cc0cdad]" started-at="2025-07-06T14:16:40 IST" name="tearDown" finished-at="2025-07-06T14:16:41 IST" duration-ms="267" status="PASS">
          <reporter-output>
          </reporter-output>
        </test-method> <!-- tearDown -->
        <test-method is-config="true" signature="setup()[pri:0, instance:com.tutorialsninja.qa.testcasess.LoginTest@7cc0cdad]" started-at="2025-07-06T14:16:41 IST" name="setup" finished-at="2025-07-06T14:16:43 IST" duration-ms="2480" status="PASS">
          <reporter-output>
          </reporter-output>
        </test-method> <!-- setup -->
        <test-method signature="verifyLoginWithValidCredentials(java.lang.String,java.lang.String)[pri:1, instance:com.tutorialsninja.qa.testcasess.LoginTest@7cc0cdad]" started-at="2025-07-06T14:16:43 IST" name="verifyLoginWithValidCredentials" data-provider="validCredentialsSupplier" finished-at="2025-07-06T14:16:44 IST" duration-ms="1241" status="PASS">
          <params>
            <param index="0">
              <value>
                <![CDATA[random@user3.com]]>
              </value>
            </param>
            <param index="1">
              <value>
                <![CDATA[12345]]>
              </value>
            </param>
          </params>
          <reporter-output>
          </reporter-output>
        </test-method> <!-- verifyLoginWithValidCredentials -->
        <test-method is-config="true" signature="tearDown()[pri:0, instance:com.tutorialsninja.qa.testcasess.LoginTest@7cc0cdad]" started-at="2025-07-06T14:16:44 IST" name="tearDown" finished-at="2025-07-06T14:16:45 IST" duration-ms="196" status="PASS">
          <reporter-output>
          </reporter-output>
        </test-method> <!-- tearDown -->
        <test-method is-config="true" signature="setup()[pri:0, instance:com.tutorialsninja.qa.testcasess.LoginTest@7cc0cdad]" started-at="2025-07-06T14:16:45 IST" name="setup" finished-at="2025-07-06T14:16:48 IST" duration-ms="3298" status="PASS">
          <reporter-output>
          </reporter-output>
        </test-method> <!-- setup -->
        <test-method signature="verifyLoginWithInvalidCredentials()[pri:2, instance:com.tutorialsninja.qa.testcasess.LoginTest@7cc0cdad]" started-at="2025-07-06T14:16:48 IST" name="verifyLoginWithInvalidCredentials" finished-at="2025-07-06T14:16:49 IST" duration-ms="1274" status="PASS">
          <reporter-output>
          </reporter-output>
        </test-method> <!-- verifyLoginWithInvalidCredentials -->
        <test-method is-config="true" signature="tearDown()[pri:0, instance:com.tutorialsninja.qa.testcasess.LoginTest@7cc0cdad]" started-at="2025-07-06T14:16:49 IST" name="tearDown" finished-at="2025-07-06T14:16:49 IST" duration-ms="206" status="PASS">
          <reporter-output>
          </reporter-output>
        </test-method> <!-- tearDown -->
        <test-method is-config="true" signature="setup()[pri:0, instance:com.tutorialsninja.qa.testcasess.LoginTest@7cc0cdad]" started-at="2025-07-06T14:16:49 IST" name="setup" finished-at="2025-07-06T14:16:53 IST" duration-ms="3123" status="PASS">
          <reporter-output>
          </reporter-output>
        </test-method> <!-- setup -->
        <test-method signature="verifyLoginWithInvalidEmailAndValidPassword()[pri:3, instance:com.tutorialsninja.qa.testcasess.LoginTest@7cc0cdad]" started-at="2025-07-06T14:16:53 IST" name="verifyLoginWithInvalidEmailAndValidPassword" finished-at="2025-07-06T14:16:54 IST" duration-ms="1249" status="PASS">
          <reporter-output>
          </reporter-output>
        </test-method> <!-- verifyLoginWithInvalidEmailAndValidPassword -->
        <test-method is-config="true" signature="tearDown()[pri:0, instance:com.tutorialsninja.qa.testcasess.LoginTest@7cc0cdad]" started-at="2025-07-06T14:16:54 IST" name="tearDown" finished-at="2025-07-06T14:16:54 IST" duration-ms="222" status="PASS">
          <reporter-output>
          </reporter-output>
        </test-method> <!-- tearDown -->
        <test-method is-config="true" signature="setup()[pri:0, instance:com.tutorialsninja.qa.testcasess.LoginTest@7cc0cdad]" started-at="2025-07-06T14:16:54 IST" name="setup" finished-at="2025-07-06T14:16:57 IST" duration-ms="3241" status="PASS">
          <reporter-output>
          </reporter-output>
        </test-method> <!-- setup -->
        <test-method signature="verifyLoginWithValidEmailAndInvalidPassword()[pri:4, instance:com.tutorialsninja.qa.testcasess.LoginTest@7cc0cdad]" started-at="2025-07-06T14:16:57 IST" name="verifyLoginWithValidEmailAndInvalidPassword" finished-at="2025-07-06T14:16:58 IST" duration-ms="1196" status="PASS">
          <reporter-output>
          </reporter-output>
        </test-method> <!-- verifyLoginWithValidEmailAndInvalidPassword -->
        <test-method is-config="true" signature="tearDown()[pri:0, instance:com.tutorialsninja.qa.testcasess.LoginTest@7cc0cdad]" started-at="2025-07-06T14:16:58 IST" name="tearDown" finished-at="2025-07-06T14:16:59 IST" duration-ms="194" status="PASS">
          <reporter-output>
          </reporter-output>
        </test-method> <!-- tearDown -->
        <test-method is-config="true" signature="setup()[pri:0, instance:com.tutorialsninja.qa.testcasess.LoginTest@7cc0cdad]" started-at="2025-07-06T14:16:59 IST" name="setup" finished-at="2025-07-06T14:17:02 IST" duration-ms="3225" status="PASS">
          <reporter-output>
          </reporter-output>
        </test-method> <!-- setup -->
        <test-method signature="verifyLoginWithEmptyEmailAndPassword()[pri:5, instance:com.tutorialsninja.qa.testcasess.LoginTest@7cc0cdad]" started-at="2025-07-06T14:17:02 IST" name="verifyLoginWithEmptyEmailAndPassword" finished-at="2025-07-06T14:17:03 IST" duration-ms="1010" status="PASS">
          <reporter-output>
          </reporter-output>
        </test-method> <!-- verifyLoginWithEmptyEmailAndPassword -->
        <test-method is-config="true" signature="tearDown()[pri:0, instance:com.tutorialsninja.qa.testcasess.LoginTest@7cc0cdad]" started-at="2025-07-06T14:17:03 IST" name="tearDown" finished-at="2025-07-06T14:17:03 IST" duration-ms="178" status="PASS">
          <reporter-output>
          </reporter-output>
        </test-method> <!-- tearDown -->
      </class> <!-- com.tutorialsninja.qa.testcasess.LoginTest -->
      <class name="com.tutorialsninja.qa.testcasess.RegisterTest">
        <test-method is-config="true" signature="setUp()[pri:0, instance:com.tutorialsninja.qa.testcasess.RegisterTest@1d2adfbe]" started-at="2025-07-06T14:16:09 IST" name="setUp" finished-at="2025-07-06T14:16:13 IST" duration-ms="4160" status="PASS">
          <reporter-output>
          </reporter-output>
        </test-method> <!-- setUp -->
        <test-method signature="verifyRegisteringWithMandatoryFields()[pri:1, instance:com.tutorialsninja.qa.testcasess.RegisterTest@1d2adfbe]" started-at="2025-07-06T14:16:13 IST" name="verifyRegisteringWithMandatoryFields" finished-at="2025-07-06T14:16:15 IST" duration-ms="1951" status="PASS">
          <reporter-output>
          </reporter-output>
        </test-method> <!-- verifyRegisteringWithMandatoryFields -->
        <test-method is-config="true" signature="tearDown()[pri:0, instance:com.tutorialsninja.qa.testcasess.RegisterTest@1d2adfbe]" started-at="2025-07-06T14:16:15 IST" name="tearDown" finished-at="2025-07-06T14:16:15 IST" duration-ms="204" status="PASS">
          <reporter-output>
          </reporter-output>
        </test-method> <!-- tearDown -->
        <test-method is-config="true" signature="setUp()[pri:0, instance:com.tutorialsninja.qa.testcasess.RegisterTest@1d2adfbe]" started-at="2025-07-06T14:16:15 IST" name="setUp" finished-at="2025-07-06T14:16:18 IST" duration-ms="3004" status="PASS">
          <reporter-output>
          </reporter-output>
        </test-method> <!-- setUp -->
        <test-method signature="verifyRegisteringWithAllFields()[pri:2, instance:com.tutorialsninja.qa.testcasess.RegisterTest@1d2adfbe]" started-at="2025-07-06T14:16:18 IST" name="verifyRegisteringWithAllFields" finished-at="2025-07-06T14:16:20 IST" duration-ms="2144" status="PASS">
          <reporter-output>
          </reporter-output>
        </test-method> <!-- verifyRegisteringWithAllFields -->
        <test-method is-config="true" signature="tearDown()[pri:0, instance:com.tutorialsninja.qa.testcasess.RegisterTest@1d2adfbe]" started-at="2025-07-06T14:16:20 IST" name="tearDown" finished-at="2025-07-06T14:16:20 IST" duration-ms="165" status="PASS">
          <reporter-output>
          </reporter-output>
        </test-method> <!-- tearDown -->
        <test-method is-config="true" signature="setUp()[pri:0, instance:com.tutorialsninja.qa.testcasess.RegisterTest@1d2adfbe]" started-at="2025-07-06T14:16:20 IST" name="setUp" finished-at="2025-07-06T14:16:24 IST" duration-ms="3293" status="PASS">
          <reporter-output>
          </reporter-output>
        </test-method> <!-- setUp -->
        <test-method signature="verifyRegisteringWithExistingEmailId()[pri:3, instance:com.tutorialsninja.qa.testcasess.RegisterTest@1d2adfbe]" started-at="2025-07-06T14:16:24 IST" name="verifyRegisteringWithExistingEmailId" finished-at="2025-07-06T14:16:26 IST" duration-ms="1997" status="PASS">
          <reporter-output>
          </reporter-output>
        </test-method> <!-- verifyRegisteringWithExistingEmailId -->
        <test-method is-config="true" signature="tearDown()[pri:0, instance:com.tutorialsninja.qa.testcasess.RegisterTest@1d2adfbe]" started-at="2025-07-06T14:16:26 IST" name="tearDown" finished-at="2025-07-06T14:16:26 IST" duration-ms="248" status="PASS">
          <reporter-output>
          </reporter-output>
        </test-method> <!-- tearDown -->
        <test-method is-config="true" signature="setUp()[pri:0, instance:com.tutorialsninja.qa.testcasess.RegisterTest@1d2adfbe]" started-at="2025-07-06T14:16:26 IST" name="setUp" finished-at="2025-07-06T14:16:29 IST" duration-ms="2999" status="PASS">
          <reporter-output>
          </reporter-output>
        </test-method> <!-- setUp -->
        <test-method signature="verifyRegisteringWithoutFillingAnyDetails()[pri:4, instance:com.tutorialsninja.qa.testcasess.RegisterTest@1d2adfbe]" started-at="2025-07-06T14:16:29 IST" name="verifyRegisteringWithoutFillingAnyDetails" finished-at="2025-07-06T14:16:30 IST" duration-ms="1072" status="PASS">
          <reporter-output>
          </reporter-output>
        </test-method> <!-- verifyRegisteringWithoutFillingAnyDetails -->
        <test-method is-config="true" signature="tearDown()[pri:0, instance:com.tutorialsninja.qa.testcasess.RegisterTest@1d2adfbe]" started-at="2025-07-06T14:16:30 IST" name="tearDown" finished-at="2025-07-06T14:16:30 IST" duration-ms="183" status="PASS">
          <reporter-output>
          </reporter-output>
        </test-method> <!-- tearDown -->
      </class> <!-- com.tutorialsninja.qa.testcasess.RegisterTest -->
    </test> <!-- TutorialsNinja Test Cases -->
  </suite> <!-- TutorialsNinja Automation Suite -->
</testng-results>
