<?xml version="1.0" encoding="UTF-8"?>
<!-- Generated by org.testng.reporters.JUnitXMLReporter -->
<testsuite ignored="0" hostname="DESKTOP-OVI5TKU" failures="1" tests="14" name="TutorialsNinja Test Cases" time="61.868" errors="0" timestamp="2025-07-06T14:17:12 IST">
  <testcase classname="com.tutorialsninja.qa.testcasess.RegisterTest" name="verifyRegisteringWithMandatoryFields" time="1.951"/>
  <testcase classname="com.tutorialsninja.qa.testcasess.RegisterTest" name="verifyRegisteringWithAllFields" time="2.144"/>
  <testcase classname="com.tutorialsninja.qa.testcasess.RegisterTest" name="verifyRegisteringWithExistingEmailId" time="1.997"/>
  <testcase classname="com.tutorialsninja.qa.testcasess.RegisterTest" name="verifyRegisteringWithoutFillingAnyDetails" time="1.072"/>
  <testcase classname="com.tutorialsninja.qa.testcasess.LoginTest" name="verifyLoginWithValidCredentials" time="1.43"/>
  <testcase classname="com.tutorialsninja.qa.testcasess.LoginTest" name="verifyLoginWithValidCredentials" time="1.351"/>
  <testcase classname="com.tutorialsninja.qa.testcasess.LoginTest" name="verifyLoginWithValidCredentials" time="1.241"/>
  <testcase classname="com.tutorialsninja.qa.testcasess.LoginTest" name="verifyLoginWithInvalidCredentials" time="1.274"/>
  <testcase classname="com.tutorialsninja.qa.testcasess.LoginTest" name="verifyLoginWithInvalidEmailAndValidPassword" time="1.249"/>
  <testcase classname="com.tutorialsninja.qa.testcasess.LoginTest" name="verifyLoginWithValidEmailAndInvalidPassword" time="1.196"/>
  <testcase classname="com.tutorialsninja.qa.testcasess.LoginTest" name="verifyLoginWithEmptyEmailAndPassword" time="1.01"/>
  <testcase classname="com.tutorialsninja.qa.testcasess.SearchTest" name="verifySearchWithValidProduct" time="0.485"/>
  <testcase classname="com.tutorialsninja.qa.testcasess.SearchTest" name="verifySearchWithInvalidProduct" time="0.428">
    <failure type="java.lang.AssertionError" message="null">
      <![CDATA[java.lang.AssertionError: null
at com.tutorialsninja.qa.testcasess.SearchTest.verifySearchWithInvalidProduct(SearchTest.java:53)
at java.base/java.util.ArrayList.forEach(ArrayList.java:1596)
... Removed 31 stack frames]]>
    </failure>
  </testcase> <!-- verifySearchWithInvalidProduct -->
  <testcase classname="com.tutorialsninja.qa.testcasess.SearchTest" name="verifySearchWithoutAnyProductName" time="0.001">
    <skipped/>
  </testcase> <!-- verifySearchWithoutAnyProductName -->
</testsuite> <!-- TutorialsNinja Test Cases -->
