<?xml version="1.0" encoding="UTF-8"?>
<!-- Generated by org.testng.reporters.JUnitReportReporter -->
<testsuite hostname="DESKTOP-OVI5TKU" failures="0" tests="7" name="com.tutorialsninja.qa.testcasess.LoginTest" time="31.432" errors="0" timestamp="2025-07-06T14:17:13 IST" skipped="0">
  <testcase classname="com.tutorialsninja.qa.testcasess.LoginTest" name="verifyLoginWithValidCredentials" time="4.770"/>
  <testcase classname="com.tutorialsninja.qa.testcasess.LoginTest" name="verifyLoginWithValidCredentials" time="4.104"/>
  <testcase classname="com.tutorialsninja.qa.testcasess.LoginTest" name="verifyLoginWithValidCredentials" time="4.436"/>
  <testcase classname="com.tutorialsninja.qa.testcasess.LoginTest" name="verifyLoginWithInvalidCredentials" time="4.695"/>
  <testcase classname="com.tutorialsninja.qa.testcasess.LoginTest" name="verifyLoginWithInvalidEmailAndValidPassword" time="4.726"/>
  <testcase classname="com.tutorialsninja.qa.testcasess.LoginTest" name="verifyLoginWithValidEmailAndInvalidPassword" time="4.301"/>
  <testcase classname="com.tutorialsninja.qa.testcasess.LoginTest" name="verifyLoginWithEmptyEmailAndPassword" time="4.400"/>
</testsuite> <!-- com.tutorialsninja.qa.testcasess.LoginTest -->
