<?xml version="1.0" encoding="UTF-8"?>
<!-- Generated by org.testng.reporters.JUnitReportReporter -->
<testsuite hostname="DESKTOP-OVI5TKU" failures="0" tests="4" name="com.tutorialsninja.qa.testcasess.RegisterTest" time="21.420" errors="0" timestamp="2025-07-06T14:17:13 IST" skipped="0">
  <testcase classname="com.tutorialsninja.qa.testcasess.RegisterTest" name="verifyRegisteringWithMandatoryFields" time="5.120"/>
  <testcase classname="com.tutorialsninja.qa.testcasess.RegisterTest" name="verifyRegisteringWithAllFields" time="6.508"/>
  <testcase classname="com.tutorialsninja.qa.testcasess.RegisterTest" name="verifyRegisteringWithExistingEmailId" time="5.179"/>
  <testcase classname="com.tutorialsninja.qa.testcasess.RegisterTest" name="verifyRegisteringWithoutFillingAnyDetails" time="4.613"/>
</testsuite> <!-- com.tutorialsninja.qa.testcasess.RegisterTest -->
